<?xml version="1.0" encoding="UTF-8"?>
<!-- Generated by org.testng.reporters.JUnitXMLReporter -->
<testsuite ignored="0" hostname="DESKTOP-QNQ8377" failures="0" tests="5" name="Default test" time="18.054" errors="0" timestamp="2023-01-02T02:19:11 GMT+02:00">
  <testcase classname="SwagLabs.Test_All_SwagLabs" name="Check_Title" time="0.019"/>
  <testcase classname="SwagLabs.Test_All_SwagLabs" name="sorting_Low_To_High" time="0.247"/>
  <testcase classname="SwagLabs.Test_All_SwagLabs" name="sorting_High_To_Low" time="1.974"/>
  <testcase classname="SwagLabs.Test_All_SwagLabs" name="Check_Cart" time="1.054"/>
  <testcase classname="SwagLabs.Test_All_SwagLabs" name="Check_Total_Prace_in_The_Cart" time="2.752"/>
</testsuite> <!-- Default test -->
