<?xml version="1.0" encoding="UTF-8"?>
<!-- Generated by org.testng.reporters.JUnitXMLReporter -->
<testsuite ignored="0" hostname="DESKTOP-QNQ8377" failures="0" tests="5" name="Default test" time="21.633" errors="0" timestamp="2022-12-31T16:04:18 GMT+02:00">
  <testcase classname="SwagLabs.Test_All_SwagLabs" name="Check_Title" time="0.043"/>
  <testcase classname="SwagLabs.Test_All_SwagLabs" name="sorting_Low_To_High" time="0.674"/>
  <testcase classname="SwagLabs.Test_All_SwagLabs" name="sorting_High_To_Low" time="0.879"/>
  <testcase classname="SwagLabs.Test_All_SwagLabs" name="Check_Cart" time="0.714"/>
  <testcase classname="SwagLabs.Test_All_SwagLabs" name="Check_Total_Prace_in_The_Cart" time="2.697"/>
</testsuite> <!-- Default test -->
